2025/4/15 上午 07:25:06 +00:00 => Success >> Controllers.ProductsController.GetTags
2025/4/15 上午 07:25:06 +00:00 => Success >> Controllers.ProductsController.GetProducts
2025/4/15 上午 07:25:08 +00:00 => Success >> Controllers.ProductsController.GetTags
2025/4/15 上午 07:25:08 +00:00 => Success >> Controllers.ProductsController.GetProducts
2025/4/15 上午 07:30:22 +00:00 => Success >> Controllers.ProductsController.GetTags
2025/4/15 上午 07:30:22 +00:00 => Success >> Controllers.ProductsController.GetProducts
2025/4/15 上午 07:31:53 +00:00 => Success >> Controllers.ProductsController.GetProducts
2025/4/15 上午 07:31:53 +00:00 => Success >> Controllers.ProductsController.GetTags
2025/4/15 上午 07:41:55 +00:00 => Success >> Controllers.ProductsController.GetTags
2025/4/15 上午 07:41:55 +00:00 => Success >> Controllers.ProductsController.GetProducts
2025/4/15 上午 07:51:38 +00:00 => Success >> Controllers.ContactController.GatMessages
2025/4/15 上午 07:52:00 +00:00 => Success >> Controllers.ContactController.AddMessage
2025/4/15 上午 07:52:00 +00:00 => Success >> Controllers.ContactController.GatMessages
2025/4/15 上午 07:58:23 +00:00 => Success >> Controllers.ContactController.GatMessages
2025/4/15 上午 07:58:56 +00:00 => Success >> Controllers.ContactController.GatMessages
2025/4/15 上午 07:59:12 +00:00 => Success >> Controllers.ContactController.GatMessages
2025/4/15 上午 08:00:18 +00:00 => Success >> Controllers.ContactController.GatMessages
2025/4/15 上午 08:00:39 +00:00 => Success >> Controllers.ContactController.GatMessages
2025/4/15 上午 08:00:56 +00:00 => Success >> Controllers.ContactController.GatMessages
2025/4/15 上午 08:01:19 +00:00 => Success >> Controllers.ContactController.GatMessages
2025/4/15 上午 08:01:46 +00:00 => UnauthorizedRole >> Controllers.ContactController.AddMessage
2025/4/15 上午 08:02:13 +00:00 => Success >> Controllers.ContactController.GetCurrentUser
2025/4/15 上午 08:09:46 +00:00 => Success >> Controllers.ContactController.GetCurrentUser
2025/4/15 上午 08:13:23 +00:00 => Success >> Controllers.ContactController.GetCurrentUser
2025/4/15 上午 08:13:49 +00:00 => Success >> Controllers.ContactController.GetCurrentUser
2025/4/15 上午 08:17:05 +00:00 => Success >> Controllers.ContactController.GatMessages
2025/4/15 上午 08:17:11 +00:00 => Success >> Controllers.ContactController.GetCurrentUser
2025/4/15 上午 08:19:22 +00:00 => Success >> Controllers.ContactController.GatMessages
2025/4/15 上午 08:19:28 +00:00 => Success >> Controllers.ContactController.GetCurrentUser
2025/4/15 上午 08:22:35 +00:00 => Success >> Controllers.ContactController.GatMessages
2025/4/15 上午 08:22:39 +00:00 => Success >> Controllers.ContactController.GetCurrentUser
2025/4/15 上午 08:23:52 +00:00 => Success >> Controllers.ContactController.GatMessages
2025/4/15 上午 08:23:57 +00:00 => Success >> Controllers.ContactController.GetCurrentUser
2025/4/15 上午 08:25:58 +00:00 => Success >> Controllers.ContactController.GatMessages
2025/4/15 上午 08:28:59 +00:00 => Success >> Controllers.ContactController.GetCurrentUser
2025/4/15 上午 08:29:11 +00:00 => Success >> Controllers.ContactController.GatMessages
2025/4/15 上午 08:29:15 +00:00 => Success >> Controllers.ContactController.GetCurrentUser
2025/4/15 上午 08:31:50 +00:00 => Success >> Controllers.ContactController.GatMessages
2025/4/15 上午 08:31:52 +00:00 => Success >> Controllers.ContactController.GatMessages
2025/4/15 上午 08:31:57 +00:00 => Success >> Controllers.ContactController.GetCurrentUser
2025/4/15 上午 08:33:53 +00:00 => Success >> Controllers.ContactController.GatMessages
2025/4/15 上午 08:34:34 +00:00 => Success >> Controllers.ContactController.GetCurrentUser
2025/4/15 上午 08:40:35 +00:00 => Success >> Controllers.ContactController.GatMessages
2025/4/15 上午 08:40:42 +00:00 => UnauthorizedRole >> Controllers.ContactController.AddMessage
2025/4/15 上午 08:40:49 +00:00 => Success >> Controllers.ContactController.GetCurrentUser
2025/4/15 上午 08:41:37 +00:00 => Success >> Controllers.ContactController.GatMessages
2025/4/15 上午 08:41:41 +00:00 => UnauthorizedRole >> Controllers.ContactController.AddMessage
2025/4/15 上午 08:41:47 +00:00 => Success >> Controllers.ContactController.GatMessages
2025/4/15 上午 08:41:49 +00:00 => Success >> Controllers.ContactController.GatMessages
2025/4/15 上午 08:42:12 +00:00 => Success >> Controllers.ContactController.GatMessages
2025/4/15 上午 08:42:46 +00:00 => Success >> Controllers.ContactController.GatMessages
2025/4/15 上午 08:42:54 +00:00 => UnauthorizedRole >> Controllers.ContactController.AddMessage
2025/4/15 上午 08:43:22 +00:00 => Success >> Controllers.ContactController.GatMessages
2025/4/15 上午 08:43:41 +00:00 => UnauthorizedRole >> Controllers.ContactController.AddMessage
2025/4/15 上午 08:43:57 +00:00 => UnauthorizedRole >> Controllers.ContactController.AddMessage
2025/4/15 上午 08:45:32 +00:00 => Success >> Controllers.ContactController.GatMessages
2025/4/15 上午 08:45:44 +00:00 => UnauthorizedRole >> Controllers.ContactController.AddMessage
2025/4/15 上午 08:45:56 +00:00 => Success >> Controllers.ContactController.GatMessages
2025/4/15 上午 08:46:03 +00:00 => Success >> Controllers.ContactController.AddMessage
2025/4/15 上午 08:49:06 +00:00 => Success >> Controllers.ContactController.GetCurrentUser
2025/4/15 上午 08:52:37 +00:00 => Success >> Controllers.ContactController.GatMessages
2025/4/15 上午 08:52:45 +00:00 => UnauthorizedRole >> Controllers.ContactController.AddMessage
2025/4/15 上午 08:53:03 +00:00 => UnauthorizedRole >> Controllers.ContactController.AddMessage
2025/4/15 上午 08:53:09 +00:00 => UnauthorizedRole >> Controllers.ContactController.AddMessage
2025/4/15 上午 08:53:16 +00:00 => Success >> Controllers.ContactController.GetCurrentUser
2025/4/15 上午 08:53:23 +00:00 => Success >> Controllers.ContactController.GatMessages
2025/4/15 上午 08:53:39 +00:00 => UnauthorizedRole >> Controllers.ContactController.AddMessage
2025/4/15 上午 08:54:00 +00:00 => UnauthorizedRole >> Controllers.ContactController.AddMessage
2025/4/15 上午 08:54:54 +00:00 => UnauthorizedRole >> Controllers.ContactController.AddMessage
2025/4/15 上午 08:55:45 +00:00 => Success >> Controllers.ContactController.GatMessages
2025/4/15 上午 08:59:25 +00:00 => Success >> Controllers.ContactController.GatMessages
2025/4/15 上午 08:59:57 +00:00 => Success >> Controllers.ContactController.GetCurrentUser
2025/4/15 上午 09:01:11 +00:00 => Success >> Controllers.ContactController.GatMessages
2025/4/15 上午 09:01:17 +00:00 => Success >> Controllers.ContactController.AddMessage
2025/4/15 上午 09:01:17 +00:00 => Success >> Controllers.ContactController.GatMessages
2025/4/15 上午 09:01:30 +00:00 => Success >> Controllers.ContactController.GatMessages
2025/4/15 上午 09:02:20 +00:00 => Success >> Controllers.ContactController.GatMessages
2025/4/15 上午 09:02:38 +00:00 => Success >> Controllers.ContactController.AddMessage
2025/4/15 上午 09:02:38 +00:00 => Success >> Controllers.ContactController.GatMessages
2025/4/15 上午 09:03:22 +00:00 => Success >> Controllers.ContactController.GatMessages
2025/4/15 上午 09:04:21 +00:00 => Success >> Controllers.ContactController.GatMessages
2025/4/15 上午 09:04:32 +00:00 => Success >> Controllers.ContactController.AddMessage
2025/4/15 上午 09:07:42 +00:00 => Success >> Controllers.ContactController.GatMessages
2025/4/15 上午 09:07:48 +00:00 => Success >> Controllers.ContactController.GatMessages
2025/4/15 上午 09:07:52 +00:00 => Success >> Controllers.ContactController.AddMessage
2025/4/15 上午 09:07:52 +00:00 => Success >> Controllers.ContactController.GatMessages
2025/4/15 上午 09:08:41 +00:00 => Success >> Controllers.ContactController.GatMessages
2025/4/15 上午 09:08:43 +00:00 => Success >> Controllers.ContactController.GatMessages
2025/4/15 上午 09:08:46 +00:00 => Success >> Controllers.ContactController.AddMessage
2025/4/15 上午 09:08:46 +00:00 => Success >> Controllers.ContactController.GatMessages
2025/4/15 上午 09:09:05 +00:00 => Success >> Controllers.ContactController.GatMessages
2025/4/15 上午 09:09:07 +00:00 => Success >> Controllers.ContactController.GatMessages
2025/4/15 上午 09:09:11 +00:00 => Success >> Controllers.ContactController.AddMessage
2025/4/15 上午 09:09:11 +00:00 => Success >> Controllers.ContactController.GatMessages
2025/4/15 上午 09:10:35 +00:00 => Success >> Controllers.ContactController.GatMessages
2025/4/15 上午 09:10:56 +00:00 => Success >> Controllers.ContactController.GatMessages
2025/4/15 上午 09:13:03 +00:00 => Success >> Controllers.ContactController.GatMessages
2025/4/15 上午 09:14:37 +00:00 => Success >> Controllers.ContactController.GatMessages
2025/4/15 上午 09:14:51 +00:00 => Success >> Controllers.ContactController.GatMessages
2025/4/15 上午 09:20:13 +00:00 => Success >> Controllers.ContactController.GatMessages
2025/4/15 上午 09:20:17 +00:00 => Expected UserName: so2222g@gmail.com, Received: 遊客 >> Controllers.ContactController.AddMessage
2025/4/15 上午 09:20:23 +00:00 => Success >> Controllers.ContactController.GatMessages
2025/4/15 上午 09:20:27 +00:00 => Success >> Controllers.ContactController.GetCurrentUser
2025/4/15 上午 09:21:01 +00:00 => Success >> Controllers.ContactController.GatMessages
2025/4/15 上午 09:21:30 +00:00 => Expected UserName: so2222g@gmail.com, Received: string >> Controllers.ContactController.AddMessage
2025/4/15 上午 09:21:39 +00:00 => Success >> Controllers.ContactController.GatMessages
2025/4/15 上午 09:21:42 +00:00 => Success >> Controllers.ContactController.AddMessage
2025/4/15 上午 09:21:43 +00:00 => Success >> Controllers.ContactController.GatMessages
2025/4/15 上午 09:22:59 +00:00 => DataStructureFail >> Controllers.ContactController.AddMessage
2025/4/15 上午 09:23:07 +00:00 => Expected UserName: 遊客, Received:  >> Controllers.ContactController.AddMessage
2025/4/15 上午 09:23:14 +00:00 => Expected UserName: 遊客, Received: User >> Controllers.ContactController.AddMessage
2025/4/15 上午 09:23:34 +00:00 => Success >> Controllers.ContactController.GatMessages
2025/4/15 上午 09:23:46 +00:00 => Expected UserName: so2222g@gmail.com, Received: 遊客 >> Controllers.ContactController.AddMessage
2025/4/15 上午 09:23:54 +00:00 => Success >> Controllers.ContactController.GetCurrentUser
2025/4/15 上午 09:23:54 +00:00 => Success >> Controllers.ContactController.GatMessages
2025/4/15 上午 09:24:03 +00:00 => Success >> Controllers.ContactController.AddMessage
2025/4/15 上午 09:24:03 +00:00 => Success >> Controllers.ContactController.GatMessages
2025/4/15 上午 09:24:08 +00:00 => Success >> Controllers.ContactController.GetCurrentUser
2025/4/15 上午 09:24:08 +00:00 => Success >> Controllers.ContactController.GatMessages
2025/4/15 上午 09:27:59 +00:00 => Success >> Controllers.ContactController.GetCurrentUser
2025/4/15 上午 09:28:00 +00:00 => Success >> Controllers.ContactController.GatMessages
2025/4/15 上午 09:28:00 +00:00 => Success >> Controllers.ContactController.GetCurrentUser
2025/4/15 上午 09:28:00 +00:00 => Success >> Controllers.ContactController.GatMessages
2025/4/15 上午 09:28:04 +00:00 => Success >> Controllers.ContactController.AddMessage
2025/4/15 上午 09:28:04 +00:00 => Success >> Controllers.ContactController.GatMessages
2025/4/15 上午 09:28:06 +00:00 => Success >> Controllers.ContactController.GetCurrentUser
2025/4/15 上午 09:28:06 +00:00 => Success >> Controllers.ContactController.GatMessages
2025/4/15 上午 09:28:10 +00:00 => Success >> Controllers.ContactController.GetCurrentUser
2025/4/15 上午 09:28:10 +00:00 => Success >> Controllers.ContactController.GetCurrentUser
2025/4/15 上午 09:28:10 +00:00 => Success >> Controllers.ContactController.GatMessages
2025/4/15 上午 09:28:10 +00:00 => Success >> Controllers.ContactController.GatMessages
2025/4/15 上午 09:28:24 +00:00 => Success >> Controllers.ContactController.GetCurrentUser
2025/4/15 上午 09:28:25 +00:00 => Success >> Controllers.ContactController.GatMessages
2025/4/15 上午 09:28:25 +00:00 => Success >> Controllers.ContactController.GetCurrentUser
2025/4/15 上午 09:28:25 +00:00 => Success >> Controllers.ContactController.GatMessages
2025/4/15 上午 09:28:25 +00:00 => Success >> Controllers.ContactController.GetCurrentUser
2025/4/15 上午 09:28:25 +00:00 => Success >> Controllers.ContactController.GatMessages
2025/4/15 上午 09:28:26 +00:00 => Success >> Controllers.ContactController.GetCurrentUser
2025/4/15 上午 09:28:26 +00:00 => Success >> Controllers.ContactController.GatMessages
2025/4/15 上午 09:28:26 +00:00 => Success >> Controllers.ContactController.GetCurrentUser
2025/4/15 上午 09:28:27 +00:00 => Success >> Controllers.ContactController.GatMessages
2025/4/15 上午 09:28:27 +00:00 => Success >> Controllers.ContactController.GetCurrentUser
2025/4/15 上午 09:28:27 +00:00 => Success >> Controllers.ContactController.GatMessages
2025/4/15 上午 09:28:27 +00:00 => Success >> Controllers.ContactController.GetCurrentUser
2025/4/15 上午 09:28:27 +00:00 => Success >> Controllers.ContactController.GatMessages
2025/4/15 上午 09:28:45 +00:00 => Success >> Controllers.ContactController.GetCurrentUser
2025/4/15 上午 09:28:45 +00:00 => Success >> Controllers.ContactController.GatMessages
2025/4/15 上午 09:28:49 +00:00 => Success >> Controllers.ContactController.AddMessage
2025/4/15 上午 09:28:49 +00:00 => Success >> Controllers.ContactController.GatMessages
2025/4/15 上午 09:28:53 +00:00 => Success >> Controllers.ContactController.GetCurrentUser
2025/4/15 上午 09:28:53 +00:00 => Success >> Controllers.ContactController.GatMessages
2025/4/15 上午 09:28:54 +00:00 => Success >> Controllers.ContactController.GetCurrentUser
2025/4/15 上午 09:28:54 +00:00 => Success >> Controllers.ContactController.GatMessages
2025/4/15 上午 09:28:56 +00:00 => Success >> Controllers.ContactController.GetCurrentUser
2025/4/15 上午 09:28:56 +00:00 => Success >> Controllers.ContactController.GatMessages
2025/4/15 上午 09:28:56 +00:00 => Success >> Controllers.ContactController.GetCurrentUser
2025/4/15 上午 09:28:56 +00:00 => Success >> Controllers.ContactController.GatMessages
2025/4/15 上午 09:28:56 +00:00 => Success >> Controllers.ContactController.GetCurrentUser
2025/4/15 上午 09:28:56 +00:00 => Success >> Controllers.ContactController.GatMessages
2025/4/15 上午 09:28:56 +00:00 => Success >> Controllers.ContactController.GetCurrentUser
2025/4/15 上午 09:28:57 +00:00 => Success >> Controllers.ContactController.GatMessages
2025/4/15 上午 09:28:57 +00:00 => Success >> Controllers.ContactController.GetCurrentUser
2025/4/15 上午 09:28:57 +00:00 => Success >> Controllers.ContactController.GatMessages
2025/4/15 上午 09:28:57 +00:00 => Success >> Controllers.ContactController.GetCurrentUser
2025/4/15 上午 09:28:57 +00:00 => Success >> Controllers.ContactController.GatMessages
2025/4/15 上午 09:28:57 +00:00 => Success >> Controllers.ContactController.GetCurrentUser
2025/4/15 上午 09:28:57 +00:00 => Success >> Controllers.ContactController.GatMessages
2025/4/15 上午 09:28:58 +00:00 => Success >> Controllers.ContactController.GetCurrentUser
2025/4/15 上午 09:28:58 +00:00 => Success >> Controllers.ContactController.GatMessages
2025/4/15 上午 09:28:58 +00:00 => Success >> Controllers.ContactController.GetCurrentUser
2025/4/15 上午 09:28:58 +00:00 => Success >> Controllers.ContactController.GatMessages
2025/4/15 上午 09:28:58 +00:00 => Success >> Controllers.ContactController.GetCurrentUser
2025/4/15 上午 09:28:58 +00:00 => Success >> Controllers.ContactController.GatMessages
2025/4/15 上午 09:28:58 +00:00 => Success >> Controllers.ContactController.GetCurrentUser
2025/4/15 上午 09:28:59 +00:00 => Success >> Controllers.ContactController.GatMessages
2025/4/15 上午 09:28:59 +00:00 => Success >> Controllers.ContactController.GetCurrentUser
2025/4/15 上午 09:28:59 +00:00 => Success >> Controllers.ContactController.GatMessages
2025/4/15 上午 09:28:59 +00:00 => Success >> Controllers.ContactController.GetCurrentUser
2025/4/15 上午 09:28:59 +00:00 => Success >> Controllers.ContactController.GatMessages
2025/4/15 上午 09:28:59 +00:00 => Success >> Controllers.ContactController.GetCurrentUser
2025/4/15 上午 09:28:59 +00:00 => Success >> Controllers.ContactController.GatMessages
2025/4/15 上午 09:28:59 +00:00 => Success >> Controllers.ContactController.GetCurrentUser
2025/4/15 上午 09:28:59 +00:00 => Success >> Controllers.ContactController.GatMessages
2025/4/15 上午 09:28:59 +00:00 => Success >> Controllers.ContactController.GetCurrentUser
2025/4/15 上午 09:29:00 +00:00 => Success >> Controllers.ContactController.GatMessages
2025/4/15 上午 09:29:00 +00:00 => Success >> Controllers.ContactController.GetCurrentUser
2025/4/15 上午 09:29:00 +00:00 => Success >> Controllers.ContactController.GatMessages
2025/4/15 上午 09:29:00 +00:00 => Success >> Controllers.ContactController.GetCurrentUser
2025/4/15 上午 09:29:00 +00:00 => Success >> Controllers.ContactController.GatMessages
2025/4/15 上午 09:29:00 +00:00 => Success >> Controllers.ContactController.GetCurrentUser
2025/4/15 上午 09:29:00 +00:00 => Success >> Controllers.ContactController.GatMessages
2025/4/15 上午 09:29:02 +00:00 => Success >> Controllers.ContactController.GetCurrentUser
2025/4/15 上午 09:29:02 +00:00 => Success >> Controllers.ContactController.GatMessages
2025/4/15 上午 09:29:02 +00:00 => Success >> Controllers.ContactController.GetCurrentUser
2025/4/15 上午 09:29:02 +00:00 => Success >> Controllers.ContactController.GatMessages
2025/4/15 上午 09:29:03 +00:00 => Success >> Controllers.ContactController.GetCurrentUser
2025/4/15 上午 09:29:03 +00:00 => Success >> Controllers.ContactController.GatMessages
2025/4/15 上午 09:29:03 +00:00 => Success >> Controllers.ContactController.GetCurrentUser
2025/4/15 上午 09:29:03 +00:00 => Success >> Controllers.ContactController.GatMessages
2025/4/15 上午 09:29:04 +00:00 => Success >> Controllers.ContactController.GetCurrentUser
2025/4/15 上午 09:29:04 +00:00 => Success >> Controllers.ContactController.GatMessages
2025/4/15 上午 09:29:04 +00:00 => Success >> Controllers.ContactController.GetCurrentUser
2025/4/15 上午 09:29:04 +00:00 => Success >> Controllers.ContactController.GatMessages
2025/4/15 上午 09:29:05 +00:00 => Success >> Controllers.ContactController.GetCurrentUser
2025/4/15 上午 09:29:05 +00:00 => Success >> Controllers.ContactController.GatMessages
2025/4/15 上午 09:30:24 +00:00 => Success >> Controllers.ContactController.GetCurrentUser
2025/4/15 上午 09:30:25 +00:00 => Success >> Controllers.ContactController.GatMessages
2025/4/15 上午 09:30:27 +00:00 => Success >> Controllers.ContactController.GetCurrentUser
2025/4/15 上午 09:30:27 +00:00 => Success >> Controllers.ContactController.GatMessages
2025/4/15 上午 09:30:32 +00:00 => Success >> Controllers.ContactController.GetCurrentUser
2025/4/15 上午 09:30:32 +00:00 => Success >> Controllers.ContactController.GatMessages
2025/4/15 上午 09:30:42 +00:00 => Success >> Controllers.ContactController.GetCurrentUser
2025/4/15 上午 09:30:42 +00:00 => Success >> Controllers.ContactController.GatMessages
2025/4/15 上午 09:30:51 +00:00 => Success >> Controllers.ContactController.GetCurrentUser
2025/4/15 上午 09:30:52 +00:00 => Success >> Controllers.ContactController.GatMessages
2025/4/15 上午 09:30:52 +00:00 => Success >> Controllers.ContactController.GetCurrentUser
2025/4/15 上午 09:30:52 +00:00 => Success >> Controllers.ContactController.GatMessages
2025/4/15 上午 09:30:52 +00:00 => Success >> Controllers.ContactController.GetCurrentUser
2025/4/15 上午 09:30:52 +00:00 => Success >> Controllers.ContactController.GatMessages
2025/4/15 上午 09:30:53 +00:00 => Success >> Controllers.ContactController.GetCurrentUser
2025/4/15 上午 09:30:53 +00:00 => Success >> Controllers.ContactController.GatMessages
2025/4/15 上午 09:30:53 +00:00 => Success >> Controllers.ContactController.GetCurrentUser
2025/4/15 上午 09:30:53 +00:00 => Success >> Controllers.ContactController.GatMessages
2025/4/15 上午 09:30:53 +00:00 => Success >> Controllers.ContactController.GetCurrentUser
2025/4/15 上午 09:30:53 +00:00 => Success >> Controllers.ContactController.GatMessages
2025/4/15 上午 09:30:54 +00:00 => Success >> Controllers.ContactController.GetCurrentUser
2025/4/15 上午 09:30:54 +00:00 => Success >> Controllers.ContactController.GatMessages
2025/4/15 上午 09:31:12 +00:00 => Success >> Controllers.ContactController.GetCurrentUser
2025/4/15 上午 09:31:12 +00:00 => Success >> Controllers.ContactController.GatMessages
2025/4/15 上午 09:31:13 +00:00 => Success >> Controllers.ContactController.GetCurrentUser
2025/4/15 上午 09:31:13 +00:00 => Success >> Controllers.ContactController.GatMessages
2025/4/15 上午 09:31:14 +00:00 => Success >> Controllers.ContactController.GetCurrentUser
2025/4/15 上午 09:31:14 +00:00 => Success >> Controllers.ContactController.GatMessages
2025/4/15 上午 09:31:14 +00:00 => Success >> Controllers.ContactController.GetCurrentUser
2025/4/15 上午 09:31:15 +00:00 => Success >> Controllers.ContactController.GatMessages
2025/4/15 上午 09:31:15 +00:00 => Success >> Controllers.ContactController.GetCurrentUser
2025/4/15 上午 09:31:15 +00:00 => Success >> Controllers.ContactController.GatMessages
2025/4/15 上午 09:31:29 +00:00 => Success >> Controllers.ContactController.GetCurrentUser
2025/4/15 上午 09:31:29 +00:00 => Success >> Controllers.ContactController.GatMessages
2025/4/15 上午 09:31:49 +00:00 => Success >> Controllers.ContactController.GetCurrentUser
2025/4/15 上午 09:31:50 +00:00 => Success >> Controllers.ContactController.GatMessages
2025/4/15 上午 09:32:53 +00:00 => Success >> Controllers.ContactController.GetCurrentUser
2025/4/15 上午 09:32:53 +00:00 => Success >> Controllers.ContactController.GatMessages
2025/4/15 上午 09:32:55 +00:00 => Success >> Controllers.ContactController.GetCurrentUser
2025/4/15 上午 09:32:55 +00:00 => Success >> Controllers.ContactController.GatMessages
2025/4/15 上午 09:32:57 +00:00 => Success >> Controllers.ContactController.GetCurrentUser
2025/4/15 上午 09:32:57 +00:00 => Success >> Controllers.ContactController.GatMessages
2025/4/15 上午 09:32:57 +00:00 => Success >> Controllers.ContactController.GetCurrentUser
2025/4/15 上午 09:32:58 +00:00 => Success >> Controllers.ContactController.GatMessages
2025/4/15 上午 09:32:59 +00:00 => Success >> Controllers.ContactController.GetCurrentUser
2025/4/15 上午 09:33:00 +00:00 => Success >> Controllers.ContactController.GatMessages
2025/4/15 上午 09:33:03 +00:00 => Success >> Controllers.ContactController.GetCurrentUser
2025/4/15 上午 09:33:03 +00:00 => Success >> Controllers.ContactController.GatMessages
2025/4/15 上午 09:33:03 +00:00 => Success >> Controllers.ContactController.GetCurrentUser
2025/4/15 上午 09:33:03 +00:00 => Success >> Controllers.ContactController.GatMessages
2025/4/15 上午 09:33:26 +00:00 => Success >> Controllers.ContactController.GetCurrentUser
2025/4/15 上午 09:33:27 +00:00 => Success >> Controllers.ContactController.GatMessages
2025/4/15 上午 09:33:28 +00:00 => Success >> Controllers.ContactController.GetCurrentUser
2025/4/15 上午 09:33:28 +00:00 => Success >> Controllers.ContactController.GatMessages
2025/4/15 上午 09:33:48 +00:00 => Success >> Controllers.ContactController.GetCurrentUser
2025/4/15 上午 09:33:48 +00:00 => Success >> Controllers.ContactController.GatMessages
2025/4/15 上午 09:33:49 +00:00 => Success >> Controllers.ContactController.GetCurrentUser
2025/4/15 上午 09:33:50 +00:00 => Success >> Controllers.ContactController.GatMessages
2025/4/15 上午 09:34:10 +00:00 => Success >> Controllers.ContactController.GetCurrentUser
2025/4/15 上午 09:34:11 +00:00 => Success >> Controllers.ContactController.GatMessages
2025/4/15 上午 09:34:13 +00:00 => Success >> Controllers.ContactController.GetCurrentUser
2025/4/15 上午 09:34:13 +00:00 => Success >> Controllers.ContactController.GatMessages
2025/4/15 上午 09:34:51 +00:00 => Success >> Controllers.ContactController.GetCurrentUser
2025/4/15 上午 09:34:51 +00:00 => Success >> Controllers.ContactController.GatMessages
2025/4/15 上午 09:43:10 +00:00 => Success >> Controllers.ContactController.GetCurrentUser
2025/4/15 上午 09:43:10 +00:00 => Success >> Controllers.ContactController.GatMessages
2025/4/15 上午 09:43:13 +00:00 => Success >> Controllers.ContactController.DeleteMessage
2025/4/15 上午 09:43:14 +00:00 => Success >> Controllers.ContactController.GatMessages
2025/4/15 上午 09:43:17 +00:00 => Success >> Controllers.ContactController.DeleteMessage
2025/4/15 上午 09:43:18 +00:00 => Success >> Controllers.ContactController.GatMessages
2025/4/15 上午 09:43:20 +00:00 => Success >> Controllers.ContactController.GetCurrentUser
2025/4/15 上午 09:43:20 +00:00 => Success >> Controllers.ContactController.GatMessages
2025/4/15 上午 09:43:26 +00:00 => Success >> Controllers.ContactController.GetCurrentUser
2025/4/15 上午 09:43:26 +00:00 => Success >> Controllers.ContactController.GatMessages
2025/4/15 上午 09:47:10 +00:00 => Success >> Controllers.ContactController.GetCurrentUser
2025/4/15 上午 09:47:10 +00:00 => Success >> Controllers.ContactController.GatMessages
2025/4/15 上午 09:47:11 +00:00 => Success >> Controllers.ContactController.GetCurrentUser
2025/4/15 上午 09:47:11 +00:00 => Success >> Controllers.ContactController.GatMessages
2025/4/15 上午 09:47:12 +00:00 => Success >> Controllers.ContactController.GetCurrentUser
2025/4/15 上午 09:47:12 +00:00 => Success >> Controllers.ContactController.GatMessages
2025/4/15 上午 09:47:12 +00:00 => Success >> Controllers.ContactController.GetCurrentUser
2025/4/15 上午 09:47:12 +00:00 => Success >> Controllers.ContactController.GatMessages
2025/4/15 上午 09:47:13 +00:00 => Success >> Controllers.ContactController.GetCurrentUser
2025/4/15 上午 09:47:13 +00:00 => Success >> Controllers.ContactController.GatMessages
2025/4/15 上午 09:47:16 +00:00 => Success >> Controllers.ContactController.GetCurrentUser
2025/4/15 上午 09:47:16 +00:00 => Success >> Controllers.ContactController.GatMessages
2025/4/15 上午 09:48:08 +00:00 => Success >> Controllers.ContactController.GetCurrentUser
2025/4/15 上午 09:48:08 +00:00 => Success >> Controllers.ContactController.GatMessages
2025/4/15 上午 09:48:09 +00:00 => Success >> Controllers.ContactController.GetCurrentUser
2025/4/15 上午 09:48:09 +00:00 => Success >> Controllers.ContactController.GatMessages
2025/4/15 上午 09:48:14 +00:00 => Success >> Controllers.ContactController.AddMessage
2025/4/15 上午 09:48:14 +00:00 => Success >> Controllers.ContactController.GatMessages
2025/4/15 上午 09:48:31 +00:00 => Success >> Controllers.ContactController.GetCurrentUser
2025/4/15 上午 09:48:31 +00:00 => Success >> Controllers.ContactController.GatMessages
2025/4/15 上午 09:48:42 +00:00 => Success >> Controllers.ContactController.AddMessage
2025/4/15 上午 09:48:42 +00:00 => Success >> Controllers.ContactController.GatMessages
2025/4/15 上午 09:48:47 +00:00 => Success >> Controllers.ContactController.DeleteMessage
2025/4/15 上午 09:48:48 +00:00 => Success >> Controllers.ContactController.GatMessages
2025/4/15 上午 09:48:53 +00:00 => Success >> Controllers.ContactController.GetCurrentUser
2025/4/15 上午 09:48:53 +00:00 => Success >> Controllers.ContactController.GatMessages
2025/4/15 上午 09:49:03 +00:00 => Success >> Controllers.ContactController.GetCurrentUser
2025/4/15 上午 09:49:03 +00:00 => Success >> Controllers.ContactController.GatMessages
2025/4/15 上午 09:49:27 +00:00 => Success >> Controllers.ContactController.GetCurrentUser
2025/4/15 上午 09:49:27 +00:00 => Success >> Controllers.ContactController.GatMessages
2025/4/15 上午 09:51:39 +00:00 => Success >> Controllers.ContactController.DeleteMessage
2025/4/15 上午 09:51:44 +00:00 => Message with Id 6 not found >> Controllers.ContactController.DeleteMessage
2025/4/15 上午 09:51:52 +00:00 => User not authenticated >> Controllers.ContactController.DeleteMessage
2025/4/15 上午 09:52:09 +00:00 => Success >> Controllers.ContactController.GetCurrentUser
2025/4/15 上午 09:52:09 +00:00 => Success >> Controllers.ContactController.GatMessages
2025/4/15 上午 09:53:18 +00:00 => Success >> Controllers.ContactController.GetCurrentUser
2025/4/15 上午 09:53:18 +00:00 => Success >> Controllers.ContactController.GatMessages
2025/4/15 上午 09:55:19 +00:00 => Success >> Controllers.ContactController.GetCurrentUser
2025/4/15 上午 09:55:19 +00:00 => Success >> Controllers.ContactController.GatMessages
2025/4/15 上午 09:55:50 +00:00 => Success >> Controllers.ContactController.GetCurrentUser
2025/4/15 上午 09:55:50 +00:00 => Success >> Controllers.ContactController.GatMessages
2025/4/15 上午 09:57:11 +00:00 => Success >> Controllers.ContactController.GetCurrentUser
2025/4/15 上午 09:57:12 +00:00 => Success >> Controllers.ContactController.GatMessages
2025/4/15 上午 09:59:51 +00:00 => Success >> Controllers.ContactController.GetCurrentUser
2025/4/15 上午 09:59:52 +00:00 => Success >> Controllers.ContactController.GatMessages
2025/4/15 上午 09:59:59 +00:00 => Success >> Controllers.ContactController.GetCurrentUser
2025/4/15 上午 09:59:59 +00:00 => Success >> Controllers.ContactController.GatMessages
